<?xml version="1.0" encoding="UTF-8"?>
<!-- Generated by org.testng.reporters.JUnitXMLReporter -->
<testsuite ignored="0" hostname="DESKTOP-B7U7TDD" failures="0" tests="3" name="Test" time="56.2" errors="0" timestamp="2022-04-18T23:11:59 IST">
  <testcase classname="com.test.sbs.test.SearchGoogleTest" name="f" time="6.206"/>
  <testcase classname="com.test.sbs.test.GoogleHomePageTest" name="f" time="4.659"/>
  <testcase classname="com.test.sbs.test.GmailLinkTest" name="f" time="37.397"/>
</testsuite> <!-- Test -->
