<?xml version="1.0" encoding="UTF-8"?>
<testng-results ignored="0" total="3" passed="3" failed="0" skipped="0">
  <reporter-output>
  </reporter-output>
  <suite started-at="2022-04-18T23:11:03 IST" name="Suite" finished-at="2022-04-18T23:11:59 IST" duration-ms="56200">
    <groups>
    </groups>
    <test started-at="2022-04-18T23:11:03 IST" name="Test" finished-at="2022-04-18T23:11:59 IST" duration-ms="56200">
      <class name="com.test.sbs.test.GmailLinkTest">
        <test-method is-config="true" signature="beforeMethod()[pri:0, instance:com.test.sbs.test.GmailLinkTest@5d7148e2]" started-at="2022-04-18T23:11:20 IST" name="beforeMethod" finished-at="2022-04-18T23:11:21 IST" duration-ms="1564" status="PASS">
          <reporter-output>
          </reporter-output>
        </test-method> <!-- beforeMethod -->
        <test-method signature="f()[pri:0, instance:com.test.sbs.test.GmailLinkTest@5d7148e2]" started-at="2022-04-18T23:11:21 IST" name="f" finished-at="2022-04-18T23:11:59 IST" duration-ms="37397" status="PASS">
          <reporter-output>
          </reporter-output>
        </test-method> <!-- f -->
        <test-method is-config="true" signature="afterMethod()[pri:0, instance:com.test.sbs.test.GmailLinkTest@5d7148e2]" started-at="2022-04-18T23:11:59 IST" name="afterMethod" finished-at="2022-04-18T23:11:59 IST" duration-ms="446" status="PASS">
          <reporter-output>
          </reporter-output>
        </test-method> <!-- afterMethod -->
      </class> <!-- com.test.sbs.test.GmailLinkTest -->
      <class name="com.test.sbs.test.GoogleHomePageTest">
        <test-method is-config="true" signature="beforeMethod()[pri:0, instance:com.test.sbs.test.GoogleHomePageTest@4fb3ee4e]" started-at="2022-04-18T23:11:13 IST" name="beforeMethod" finished-at="2022-04-18T23:11:15 IST" duration-ms="1296" status="PASS">
          <reporter-output>
          </reporter-output>
        </test-method> <!-- beforeMethod -->
        <test-method signature="f()[pri:0, instance:com.test.sbs.test.GoogleHomePageTest@4fb3ee4e]" started-at="2022-04-18T23:11:15 IST" name="f" finished-at="2022-04-18T23:11:19 IST" duration-ms="4659" status="PASS">
          <reporter-output>
          </reporter-output>
        </test-method> <!-- f -->
        <test-method is-config="true" signature="afterMethod()[pri:0, instance:com.test.sbs.test.GoogleHomePageTest@4fb3ee4e]" started-at="2022-04-18T23:11:19 IST" name="afterMethod" finished-at="2022-04-18T23:11:20 IST" duration-ms="274" status="PASS">
          <reporter-output>
          </reporter-output>
        </test-method> <!-- afterMethod -->
      </class> <!-- com.test.sbs.test.GoogleHomePageTest -->
      <class name="com.test.sbs.test.SearchGoogleTest">
        <test-method is-config="true" signature="beforeMethod()[pri:0, instance:com.test.sbs.test.SearchGoogleTest@4d5b6aac]" started-at="2022-04-18T23:11:03 IST" name="beforeMethod" finished-at="2022-04-18T23:11:07 IST" duration-ms="3959" status="PASS">
          <reporter-output>
          </reporter-output>
        </test-method> <!-- beforeMethod -->
        <test-method signature="f()[pri:0, instance:com.test.sbs.test.SearchGoogleTest@4d5b6aac]" started-at="2022-04-18T23:11:07 IST" name="f" finished-at="2022-04-18T23:11:13 IST" duration-ms="6206" status="PASS">
          <reporter-output>
          </reporter-output>
        </test-method> <!-- f -->
        <test-method is-config="true" signature="afterMethod()[pri:0, instance:com.test.sbs.test.SearchGoogleTest@4d5b6aac]" started-at="2022-04-18T23:11:13 IST" name="afterMethod" finished-at="2022-04-18T23:11:13 IST" duration-ms="316" status="PASS">
          <reporter-output>
          </reporter-output>
        </test-method> <!-- afterMethod -->
      </class> <!-- com.test.sbs.test.SearchGoogleTest -->
    </test> <!-- Test -->
  </suite> <!-- Suite -->
</testng-results>
